2025-03-28 06:36:03,556 - networksecurity.logging.logger - INFO - Logging started...
2025-03-28 06:36:05,084 - networksecurity.logging.logger - INFO - Logging started...
2025-03-28 06:36:05,119 - networksecurity.logging.logger - INFO - UTILS Logging Started
2025-03-28 06:36:05,122 - networksecurity.logging.logger - INFO - DataValidation Logging Started
2025-03-28 06:36:05,230 - networksecurity.logging.logger - INFO - DataTransformation Logging Started
2025-03-28 06:36:05,237 - networksecurity.logging.logger - INFO - ModelTrainer Logging Started
2025-03-28 06:36:05,238 - networksecurity.logging.logger - INFO - ModelTrainer Logging Started
2025-03-28 06:36:07,162 - networksecurity.logging.logger - INFO - ModelTrainer Logging Started
2025-03-28 06:36:07,164 - networksecurity.logging.logger - INFO - Logging started...
2025-03-28 06:36:07,257 - networksecurity.logging.logger - INFO - Initiating the data ingestion
2025-03-28 06:36:18,029 - networksecurity.logging.logger - INFO - Successfully fetched 11055 rows and 32 columns from MongoDB.
2025-03-28 06:36:18,087 - networksecurity.logging.logger - INFO - Successfully exported the data as a csv file in the feature store.
2025-03-28 06:36:18,089 - networksecurity.logging.logger - INFO - Performed train test split on the data
2025-03-28 06:36:18,239 - networksecurity.logging.logger - INFO - Exported the train and testing files
2025-03-28 06:36:18,239 - networksecurity.logging.logger - INFO - Data Ingestion Completed
2025-03-28 06:36:18,309 - networksecurity.logging.logger - INFO - Number of columns in the dataframe is as expected
2025-03-28 06:36:18,309 - networksecurity.logging.logger - INFO - Number of columns in the dataframe is as expected
2025-03-28 06:36:18,309 - networksecurity.logging.logger - INFO - All the numerical columns are present in the dataframe
2025-03-28 06:36:18,309 - networksecurity.logging.logger - INFO - All the numerical columns are present in the dataframe
2025-03-28 06:36:18,389 - networksecurity.logging.logger - INFO - No Data Drift detected
2025-03-28 06:36:18,440 - networksecurity.logging.logger - INFO - Data Validation Completed
2025-03-28 06:36:18,445 - networksecurity.logging.logger - INFO - Data Transformation Starte
2025-03-28 06:36:18,445 - networksecurity.logging.logger - INFO - Data Transformation Started
2025-03-28 06:36:18,481 - networksecurity.logging.logger - INFO - Data Transformation Completed
2025-03-28 06:36:18,483 - networksecurity.logging.logger - INFO - Data Transformation Completed
2025-03-28 06:36:18,483 - networksecurity.logging.logger - INFO - Model Training Started
2025-03-28 06:37:06,758 - networksecurity.logging.logger - INFO - ModelTrainer train_model completed successfully
2025-03-28 06:37:06,762 - networksecurity.logging.logger - INFO - ModelTrainer initiate_model_trainer completed successfully
2025-03-28 06:37:06,763 - networksecurity.logging.logger - INFO - Model Training Completed
