2025-03-28 04:26:46,121 - networksecurity.logging.logger - INFO - Logging started...
2025-03-28 04:26:47,702 - networksecurity.logging.logger - INFO - Logging started...
2025-03-28 04:26:47,731 - networksecurity.logging.logger - INFO - UTILS Logging Started
2025-03-28 04:26:47,731 - networksecurity.logging.logger - INFO - DataValidation Logging Started
2025-03-28 04:26:47,828 - networksecurity.logging.logger - INFO - DataTransformation Logging Started
2025-03-28 04:26:47,828 - networksecurity.logging.logger - INFO - Logging started...
2025-03-28 04:26:47,943 - networksecurity.logging.logger - INFO - Initiating the data ingestion
2025-03-28 04:26:52,054 - networksecurity.logging.logger - INFO - Successfully fetched 11055 rows and 32 columns from MongoDB.
2025-03-28 04:26:52,107 - networksecurity.logging.logger - INFO - Successfully exported the data as a csv file in the feature store.
2025-03-28 04:26:52,111 - networksecurity.logging.logger - INFO - Performed train test split on the data
2025-03-28 04:26:52,166 - networksecurity.logging.logger - INFO - Exported the train and testing files
2025-03-28 04:26:52,167 - networksecurity.logging.logger - INFO - Data Ingestion Completed
2025-03-28 04:26:52,241 - networksecurity.logging.logger - INFO - Number of columns in the dataframe is as expected
2025-03-28 04:26:52,241 - networksecurity.logging.logger - INFO - Number of columns in the dataframe is as expected
2025-03-28 04:26:52,241 - networksecurity.logging.logger - INFO - All the numerical columns are present in the dataframe
2025-03-28 04:26:52,241 - networksecurity.logging.logger - INFO - All the numerical columns are present in the dataframe
2025-03-28 04:26:52,313 - networksecurity.logging.logger - INFO - No Data Drift detected
2025-03-28 04:26:52,372 - networksecurity.logging.logger - INFO - Data Validation Completed
2025-03-28 04:26:52,372 - networksecurity.logging.logger - INFO - Data Transformation Starte
2025-03-28 04:26:52,372 - networksecurity.logging.logger - INFO - Data Transformation Started
2025-03-28 04:26:52,416 - networksecurity.logging.logger - INFO - Data Transformation Completed
2025-03-28 04:26:52,417 - networksecurity.logging.logger - INFO - Data Transformation Completed
