2025-03-28 06:34:24,106 - networksecurity.logging.logger - INFO - Logging started...
2025-03-28 06:34:25,798 - networksecurity.logging.logger - INFO - Logging started...
2025-03-28 06:34:25,823 - networksecurity.logging.logger - INFO - UTILS Logging Started
2025-03-28 06:34:25,823 - networksecurity.logging.logger - INFO - DataValidation Logging Started
2025-03-28 06:34:25,908 - networksecurity.logging.logger - INFO - DataTransformation Logging Started
2025-03-28 06:34:25,908 - networksecurity.logging.logger - INFO - ModelTrainer Logging Started
2025-03-28 06:34:25,917 - networksecurity.logging.logger - INFO - ModelTrainer Logging Started
2025-03-28 06:34:27,940 - networksecurity.logging.logger - INFO - ModelTrainer Logging Started
2025-03-28 06:34:27,940 - networksecurity.logging.logger - INFO - Logging started...
2025-03-28 06:34:28,042 - networksecurity.logging.logger - INFO - Initiating the data ingestion
2025-03-28 06:34:32,028 - networksecurity.logging.logger - INFO - Successfully fetched 11055 rows and 32 columns from MongoDB.
2025-03-28 06:34:32,074 - networksecurity.logging.logger - INFO - Successfully exported the data as a csv file in the feature store.
2025-03-28 06:34:32,076 - networksecurity.logging.logger - INFO - Performed train test split on the data
2025-03-28 06:34:32,118 - networksecurity.logging.logger - INFO - Exported the train and testing files
2025-03-28 06:34:32,118 - networksecurity.logging.logger - INFO - Data Ingestion Completed
2025-03-28 06:34:32,181 - networksecurity.logging.logger - INFO - Number of columns in the dataframe is as expected
2025-03-28 06:34:32,181 - networksecurity.logging.logger - INFO - Number of columns in the dataframe is as expected
2025-03-28 06:34:32,181 - networksecurity.logging.logger - INFO - All the numerical columns are present in the dataframe
2025-03-28 06:34:32,181 - networksecurity.logging.logger - INFO - All the numerical columns are present in the dataframe
2025-03-28 06:34:32,248 - networksecurity.logging.logger - INFO - No Data Drift detected
2025-03-28 06:34:32,303 - networksecurity.logging.logger - INFO - Data Validation Completed
2025-03-28 06:34:32,303 - networksecurity.logging.logger - INFO - Data Transformation Starte
2025-03-28 06:34:32,303 - networksecurity.logging.logger - INFO - Data Transformation Started
2025-03-28 06:34:32,338 - networksecurity.logging.logger - INFO - Data Transformation Completed
2025-03-28 06:34:32,338 - networksecurity.logging.logger - INFO - Data Transformation Completed
2025-03-28 06:34:32,338 - networksecurity.logging.logger - INFO - Model Training Started
2025-03-28 06:35:14,768 - networksecurity.logging.logger - INFO - ModelTrainer train_model completed successfully
2025-03-28 06:35:14,770 - networksecurity.logging.logger - INFO - ModelTrainer initiate_model_trainer completed successfully
2025-03-28 06:35:14,772 - networksecurity.logging.logger - INFO - Model Training Completed
