2025-03-28 06:32:52,024 - networksecurity.logging.logger - INFO - Logging started...
2025-03-28 06:32:53,584 - networksecurity.logging.logger - INFO - Logging started...
2025-03-28 06:32:53,612 - networksecurity.logging.logger - INFO - UTILS Logging Started
2025-03-28 06:32:53,612 - networksecurity.logging.logger - INFO - DataValidation Logging Started
2025-03-28 06:32:53,696 - networksecurity.logging.logger - INFO - DataTransformation Logging Started
2025-03-28 06:32:53,703 - networksecurity.logging.logger - INFO - ModelTrainer Logging Started
2025-03-28 06:32:53,703 - networksecurity.logging.logger - INFO - ModelTrainer Logging Started
2025-03-28 06:32:55,429 - networksecurity.logging.logger - INFO - ModelTrainer Logging Started
2025-03-28 06:32:55,429 - networksecurity.logging.logger - INFO - Logging started...
2025-03-28 06:32:55,527 - networksecurity.logging.logger - INFO - Initiating the data ingestion
2025-03-28 06:32:59,668 - networksecurity.logging.logger - INFO - Successfully fetched 11055 rows and 32 columns from MongoDB.
2025-03-28 06:32:59,716 - networksecurity.logging.logger - INFO - Successfully exported the data as a csv file in the feature store.
2025-03-28 06:32:59,716 - networksecurity.logging.logger - INFO - Performed train test split on the data
2025-03-28 06:32:59,764 - networksecurity.logging.logger - INFO - Exported the train and testing files
2025-03-28 06:32:59,764 - networksecurity.logging.logger - INFO - Data Ingestion Completed
2025-03-28 06:32:59,820 - networksecurity.logging.logger - INFO - Number of columns in the dataframe is as expected
2025-03-28 06:32:59,820 - networksecurity.logging.logger - INFO - Number of columns in the dataframe is as expected
2025-03-28 06:32:59,820 - networksecurity.logging.logger - INFO - All the numerical columns are present in the dataframe
2025-03-28 06:32:59,820 - networksecurity.logging.logger - INFO - All the numerical columns are present in the dataframe
2025-03-28 06:32:59,884 - networksecurity.logging.logger - INFO - No Data Drift detected
2025-03-28 06:32:59,932 - networksecurity.logging.logger - INFO - Data Validation Completed
2025-03-28 06:32:59,932 - networksecurity.logging.logger - INFO - Data Transformation Starte
2025-03-28 06:32:59,932 - networksecurity.logging.logger - INFO - Data Transformation Started
2025-03-28 06:33:00,067 - networksecurity.logging.logger - INFO - Data Transformation Completed
2025-03-28 06:33:00,067 - networksecurity.logging.logger - INFO - Data Transformation Completed
2025-03-28 06:33:00,067 - networksecurity.logging.logger - INFO - Model Training Started
2025-03-28 06:33:40,559 - networksecurity.logging.logger - INFO - ModelTrainer train_model completed successfully
2025-03-28 06:33:40,563 - networksecurity.logging.logger - INFO - ModelTrainer initiate_model_trainer completed successfully
2025-03-28 06:33:40,563 - networksecurity.logging.logger - INFO - Model Training Completed
